<?xml version="1.0" encoding="UTF-8"?>
<!-- Generated by org.testng.reporters.JUnitReportReporter -->
<testsuite hostname="MYPROBOOK" failures="0" tests="1" name="tests.LoginTest" time="3.593" errors="0" timestamp="2024-04-29T13:38:56 BDT" skipped="0">
  <testcase classname="tests.LoginTest" name="loginTest" time="3.593"/>
</testsuite> <!-- tests.LoginTest -->
