<?xml version="1.0" encoding="UTF-8"?>
<!-- Generated by org.testng.reporters.JUnitReportReporter -->
<testsuite hostname="MYPROBOOK" failures="0" tests="1" name="tests.RegistrationTest" time="5.853" errors="0" timestamp="2024-04-29T13:38:56 BDT" skipped="0">
  <testcase classname="tests.RegistrationTest" name="registrationTest" time="5.853"/>
</testsuite> <!-- tests.RegistrationTest -->
